Build started 11/26/2015 2:47:11 PM.
     1>Project "C:\Users\Office\Desktop\cata\aplicatii - C++\C++Primer\Ch15-Friends,ExceptionsAndMore\Chapter15-4\Chapter15-4\Chapter15-4.vcxproj" on node 2 (Build target(s)).
     1>ClCompile:
         C:\Program Files (x86)\Microsoft Visual Studio 11.0\VC\bin\CL.exe /c /ZI /nologo /W3 /WX- /sdl /Od /Oy- /D WIN32 /D _DEBUG /D _CONSOLE /D _UNICODE /D UNICODE /Gm /EHsc /RTC1 /MDd /GS /fp:precise /Zc:wchar_t /Zc:forScope /Fo"Debug\\" /Fd"Debug\vc110.pdb" /Gd /TP /analyze- /errorReport:prompt "ch15-4.cpp" sales.cpp
         sales.cpp
     1>c:\users\office\desktop\cata\aplicatii - c++\c++primer\ch15-friends,exceptionsandmore\chapter15-4\chapter15-4\sales.h(25): warning C4290: C++ exception specification ignored except to indicate a function is not __declspec(nothrow)
     1>c:\users\office\desktop\cata\aplicatii - c++\c++primer\ch15-friends,exceptionsandmore\chapter15-4\chapter15-4\sales.h(26): warning C4290: C++ exception specification ignored except to indicate a function is not __declspec(nothrow)
     1>c:\users\office\desktop\cata\aplicatii - c++\c++primer\ch15-friends,exceptionsandmore\chapter15-4\chapter15-4\sales.h(49): warning C4290: C++ exception specification ignored except to indicate a function is not __declspec(nothrow)
     1>c:\users\office\desktop\cata\aplicatii - c++\c++primer\ch15-friends,exceptionsandmore\chapter15-4\chapter15-4\sales.h(50): warning C4290: C++ exception specification ignored except to indicate a function is not __declspec(nothrow)
     1>c:\users\office\desktop\cata\aplicatii - c++\c++primer\ch15-friends,exceptionsandmore\chapter15-4\chapter15-4\sales.cpp(22): warning C4290: C++ exception specification ignored except to indicate a function is not __declspec(nothrow)
     1>c:\users\office\desktop\cata\aplicatii - c++\c++primer\ch15-friends,exceptionsandmore\chapter15-4\chapter15-4\sales.cpp(28): warning C4290: C++ exception specification ignored except to indicate a function is not __declspec(nothrow)
     1>c:\users\office\desktop\cata\aplicatii - c++\c++primer\ch15-friends,exceptionsandmore\chapter15-4\chapter15-4\sales.cpp(46): warning C4290: C++ exception specification ignored except to indicate a function is not __declspec(nothrow)
     1>c:\users\office\desktop\cata\aplicatii - c++\c++primer\ch15-friends,exceptionsandmore\chapter15-4\chapter15-4\sales.cpp(52): warning C4290: C++ exception specification ignored except to indicate a function is not __declspec(nothrow)
         Generating Code...
         Compiling...
         ch15-4.cpp
     1>c:\users\office\desktop\cata\aplicatii - c++\c++primer\ch15-friends,exceptionsandmore\chapter15-4\chapter15-4\sales.h(25): warning C4290: C++ exception specification ignored except to indicate a function is not __declspec(nothrow)
     1>c:\users\office\desktop\cata\aplicatii - c++\c++primer\ch15-friends,exceptionsandmore\chapter15-4\chapter15-4\sales.h(26): warning C4290: C++ exception specification ignored except to indicate a function is not __declspec(nothrow)
     1>c:\users\office\desktop\cata\aplicatii - c++\c++primer\ch15-friends,exceptionsandmore\chapter15-4\chapter15-4\sales.h(49): warning C4290: C++ exception specification ignored except to indicate a function is not __declspec(nothrow)
     1>c:\users\office\desktop\cata\aplicatii - c++\c++primer\ch15-friends,exceptionsandmore\chapter15-4\chapter15-4\sales.h(50): warning C4290: C++ exception specification ignored except to indicate a function is not __declspec(nothrow)
         Generating Code...
       Link:
         C:\Program Files (x86)\Microsoft Visual Studio 11.0\VC\bin\link.exe /ERRORREPORT:PROMPT /OUT:"C:\Users\Office\Desktop\cata\aplicatii - C++\C++Primer\Ch15-Friends,ExceptionsAndMore\Chapter15-4\Debug\Chapter15-4.exe" /INCREMENTAL /NOLOGO kernel32.lib user32.lib gdi32.lib winspool.lib comdlg32.lib advapi32.lib shell32.lib ole32.lib oleaut32.lib uuid.lib odbc32.lib odbccp32.lib /MANIFEST /MANIFESTUAC:"level='asInvoker' uiAccess='false'" /manifest:embed /DEBUG /PDB:"C:\Users\Office\Desktop\cata\aplicatii - C++\C++Primer\Ch15-Friends,ExceptionsAndMore\Chapter15-4\Debug\Chapter15-4.pdb" /SUBSYSTEM:CONSOLE /TLBID:1 /DYNAMICBASE /NXCOMPAT /IMPLIB:"C:\Users\Office\Desktop\cata\aplicatii - C++\C++Primer\Ch15-Friends,ExceptionsAndMore\Chapter15-4\Debug\Chapter15-4.lib" /MACHINE:X86 "Debug\ch15-4.obj"
         Debug\sales.obj
         Chapter15-4.vcxproj -> C:\Users\Office\Desktop\cata\aplicatii - C++\C++Primer\Ch15-Friends,ExceptionsAndMore\Chapter15-4\Debug\Chapter15-4.exe
     1>Done Building Project "C:\Users\Office\Desktop\cata\aplicatii - C++\C++Primer\Ch15-Friends,ExceptionsAndMore\Chapter15-4\Chapter15-4\Chapter15-4.vcxproj" (Build target(s)).

Build succeeded.

Time Elapsed 00:00:02.19
